2023-04-29 12:38:45,894 Beginning execution...
2023-04-29 12:38:45,894 Beginning Scanner
2023-04-29 12:38:45,962 Scanning for Host Network
2023-04-29 12:38:45,967 Scanning for CAPSYS
2023-04-29 12:38:45,971 Scanning for Host Aliases
2023-04-29 12:38:46,035 Scanning for Host Network
2023-04-29 12:38:46,038 Scanning for CAPSYS
2023-04-29 12:38:46,042 Scanning for Host Aliases
2023-04-29 12:38:46,102 Scanning for Host Network
2023-04-29 12:38:46,106 Scanning for CAPSYS
2023-04-29 12:38:46,110 Scanning for Host Aliases
2023-04-29 12:38:46,203 Scanning for Host Network
2023-04-29 12:38:46,208 Scanning for CAPSYS
2023-04-29 12:38:46,212 Scanning for Host Aliases
2023-04-29 12:38:46,333 Scanning for Host Network
2023-04-29 12:38:46,341 Scanning for CAPSYS
2023-04-29 12:38:46,348 Scanning for Host Aliases
2023-04-29 12:38:46,487 Scanning for Host Network
2023-04-29 12:38:46,496 Scanning for CAPSYS
2023-04-29 12:38:46,504 Scanning for Host Aliases
2023-04-29 12:38:46,711 Scanning for Host Network
2023-04-29 12:38:46,721 Scanning for CAPSYS
2023-04-29 12:38:46,731 Scanning for Host Aliases
2023-04-29 12:38:46,832 Scanning for Host Network
2023-04-29 12:38:46,835 Scanning for CAPSYS
2023-04-29 12:38:46,839 Scanning for Host Aliases
2023-04-29 12:38:46,981 Scanning for Host Network
2023-04-29 12:38:46,991 Scanning for CAPSYS
2023-04-29 12:38:47,001 Scanning for Host Aliases
2023-04-29 12:38:47,156 Scanning for Host Network
2023-04-29 12:38:47,165 Scanning for CAPSYS
2023-04-29 12:38:47,173 Scanning for Host Aliases
2023-04-29 12:38:47,422 Scanning for Host Network
2023-04-29 12:38:47,439 Scanning for CAPSYS
2023-04-29 12:38:47,457 Scanning for Host Aliases
2023-04-29 12:38:47,674 Scanning for Host Network
2023-04-29 12:38:47,686 Scanning for CAPSYS
2023-04-29 12:38:47,697 Scanning for Host Aliases
2023-04-29 12:38:47,932 Scanning for Host Network
2023-04-29 12:38:47,947 Scanning for CAPSYS
2023-04-29 12:38:47,962 Scanning for Host Aliases
2023-04-29 12:38:48,114 Scanning for Host Network
2023-04-29 12:38:48,119 Scanning for CAPSYS
2023-04-29 12:38:48,124 Scanning for Host Aliases
2023-04-29 12:38:48,449 Scanning for Host Network
2023-04-29 12:38:48,474 Scanning for CAPSYS
2023-04-29 12:38:48,499 Scanning for Host Aliases
2023-04-29 12:38:48,752 Scanning for Host Network
2023-04-29 12:38:48,764 Scanning for CAPSYS
2023-04-29 12:38:48,775 Scanning for Host Aliases
2023-04-29 12:38:49,010 Scanning for Host Network
2023-04-29 12:38:49,016 Scanning for CAPSYS
2023-04-29 12:38:49,022 Scanning for Host Aliases
2023-04-29 12:38:49,141 Scanning for Host Network
2023-04-29 12:38:49,145 Scanning for CAPSYS
2023-04-29 12:38:49,149 Scanning for Host Aliases
2023-04-29 12:38:49,344 Scanning for Host Network
2023-04-29 12:38:49,358 Scanning for CAPSYS
2023-04-29 12:38:49,372 Scanning for Host Aliases
2023-04-29 12:38:49,528 Scanning for Host Network
2023-04-29 12:38:49,536 Scanning for CAPSYS
2023-04-29 12:38:49,543 Scanning for Host Aliases
2023-04-29 12:38:49,741 Scanning for Host Network
2023-04-29 12:38:49,755 Scanning for CAPSYS
2023-04-29 12:38:49,768 Scanning for Host Aliases
2023-04-29 12:38:49,902 Scanning for Host Network
2023-04-29 12:38:49,909 Scanning for CAPSYS
2023-04-29 12:38:49,915 Scanning for Host Aliases
2023-04-29 12:38:49,982 Scanning for Host Network
2023-04-29 12:38:49,985 Scanning for CAPSYS
2023-04-29 12:38:49,989 Scanning for Host Aliases
2023-04-29 12:38:50,484 Scanning for Host Network
2023-04-29 12:38:50,524 Scanning for CAPSYS
2023-04-29 12:38:50,564 Scanning for Host Aliases
2023-04-29 12:38:50,904 Scanning for Host Network
2023-04-29 12:38:50,919 Scanning for CAPSYS
2023-04-29 12:38:50,930 Scanning for Host Aliases
2023-04-29 12:38:51,020 Scanning for Host Network
2023-04-29 12:38:51,024 Scanning for CAPSYS
2023-04-29 12:38:51,027 Scanning for Host Aliases
2023-04-29 12:38:51,080 Scanning for Host Network
2023-04-29 12:38:51,083 Scanning for CAPSYS
2023-04-29 12:38:51,087 Scanning for Host Aliases
2023-04-29 12:38:51,177 Scanning for Host Network
2023-04-29 12:38:51,183 Scanning for CAPSYS
2023-04-29 12:38:51,189 Scanning for Host Aliases
2023-04-29 12:38:51,465 Scanning for Host Network
2023-04-29 12:38:51,486 Scanning for CAPSYS
2023-04-29 12:38:51,507 Scanning for Host Aliases
2023-04-29 12:38:51,683 Scanning for Host Network
2023-04-29 12:38:51,689 Scanning for CAPSYS
2023-04-29 12:38:51,695 Scanning for Host Aliases
2023-04-29 12:38:51,850 Scanning for Host Network
2023-04-29 12:38:51,860 Scanning for CAPSYS
2023-04-29 12:38:51,871 Scanning for Host Aliases
2023-04-29 12:38:51,981 Scanning for Host Network
2023-04-29 12:38:51,986 Scanning for CAPSYS
2023-04-29 12:38:51,991 Scanning for Host Aliases
2023-04-29 12:38:52,350 Scanning for Host Network
2023-04-29 12:38:52,370 Scanning for CAPSYS
2023-04-29 12:38:52,391 Scanning for Host Aliases
2023-04-29 12:38:52,563 Scanning for Host Network
2023-04-29 12:38:52,567 Scanning for CAPSYS
2023-04-29 12:38:52,572 Scanning for Host Aliases
2023-04-29 12:38:52,945 Scanning for Host Network
2023-04-29 12:38:52,975 Scanning for CAPSYS
2023-04-29 12:38:53,005 Scanning for Host Aliases
2023-04-29 12:38:53,308 Scanning for Host Network
2023-04-29 12:38:53,321 Scanning for CAPSYS
2023-04-29 12:38:53,335 Scanning for Host Aliases
2023-04-29 12:38:53,427 Scanning for Host Network
2023-04-29 12:38:53,430 Scanning for CAPSYS
2023-04-29 12:38:53,433 Scanning for Host Aliases
2023-04-29 12:38:53,492 Scanning for Host Network
2023-04-29 12:38:53,496 Scanning for CAPSYS
2023-04-29 12:38:53,500 Scanning for Host Aliases
2023-04-29 12:38:53,599 Scanning for Host Network
2023-04-29 12:38:53,605 Scanning for CAPSYS
2023-04-29 12:38:53,612 Scanning for Host Aliases
2023-04-29 12:38:53,750 Scanning for Host Network
2023-04-29 12:38:53,759 Scanning for CAPSYS
2023-04-29 12:38:53,767 Scanning for Host Aliases
2023-04-29 12:38:54,090 Scanning for Host Network
2023-04-29 12:38:54,106 Scanning for CAPSYS
2023-04-29 12:38:54,122 Scanning for Host Aliases
2023-04-29 12:38:54,390 Scanning for Host Network
2023-04-29 12:38:54,406 Scanning for CAPSYS
2023-04-29 12:38:54,422 Scanning for Host Aliases
2023-04-29 12:38:54,539 Scanning for Host Network
2023-04-29 12:38:54,543 Scanning for CAPSYS
2023-04-29 12:38:54,546 Scanning for Host Aliases
2023-04-29 12:38:54,590 Scanning for Host Network
2023-04-29 12:38:54,593 Scanning for CAPSYS
2023-04-29 12:38:54,595 Scanning for Host Aliases
2023-04-29 12:38:54,678 Scanning for Host Network
2023-04-29 12:38:54,684 Scanning for CAPSYS
2023-04-29 12:38:54,690 Scanning for Host Aliases
2023-04-29 12:38:54,854 Scanning for Host Network
2023-04-29 12:38:54,866 Scanning for CAPSYS
2023-04-29 12:38:54,877 Scanning for Host Aliases
2023-04-29 12:38:54,970 Scanning for Host Network
2023-04-29 12:38:54,974 Scanning for CAPSYS
2023-04-29 12:38:54,977 Scanning for Host Aliases
2023-04-29 12:38:55,093 Scanning for Host Network
2023-04-29 12:38:55,101 Scanning for CAPSYS
2023-04-29 12:38:55,109 Scanning for Host Aliases
2023-04-29 12:38:55,178 Scanning for Host Network
2023-04-29 12:38:55,181 Scanning for CAPSYS
2023-04-29 12:38:55,185 Scanning for Host Aliases
2023-04-29 12:38:55,354 Scanning for Host Network
2023-04-29 12:38:55,366 Scanning for CAPSYS
2023-04-29 12:38:55,378 Scanning for Host Aliases
2023-04-29 12:38:55,509 Scanning for Host Network
2023-04-29 12:38:55,514 Scanning for CAPSYS
2023-04-29 12:38:55,520 Scanning for Host Aliases
2023-04-29 12:38:56,027 Scanning for Host Network
2023-04-29 12:38:56,067 Scanning for CAPSYS
2023-04-29 12:38:56,108 Scanning for Host Aliases
2023-04-29 12:38:56,388 Scanning for Host Network
2023-04-29 12:38:56,397 Scanning for CAPSYS
2023-04-29 12:38:56,405 Scanning for Host Aliases
2023-04-29 12:38:56,474 Scanning for Host Network
2023-04-29 12:38:56,475 Scanning for CAPSYS
2023-04-29 12:38:56,476 Scanning for Host Aliases
2023-04-29 12:38:56,535 Scanning for Host Network
2023-04-29 12:38:56,540 Scanning for CAPSYS
2023-04-29 12:38:56,544 Scanning for Host Aliases
2023-04-29 12:38:56,662 Scanning for Host Network
2023-04-29 12:38:56,669 Scanning for CAPSYS
2023-04-29 12:38:56,677 Scanning for Host Aliases
